[2026-02-23 22:54:50,514: INFO: common: yaml file: config\config.yaml loaded successfully]
[2026-02-23 22:54:50,519: INFO: common: created directory at: artifacts]
[2026-02-23 23:49:30,814: INFO: common: yaml file: config\config.yaml loaded successfully]
[2026-02-23 23:49:30,834: INFO: common: created directory at: artifacts]
[2026-02-23 23:52:21,621: INFO: common: yaml file: config\config.yaml loaded successfully]
[2026-02-23 23:52:21,623: INFO: common: created directory at: artifacts]
[2026-02-23 23:52:21,626: INFO: common: created directory at: artifacts/data_ingestion/raw_data.csv]
[2026-02-23 23:52:21,630: INFO: common: created directory at: artifacts/data_ingestion/ingested_data.csv]
[2026-02-23 23:52:23,966: INFO: 3780384239: Exceution falied with {response.status_code}]
[2026-02-23 23:52:23,968: ERROR: 3780384239: Error: Download failed — Status: 404]
[2026-02-23 23:55:00,416: INFO: common: yaml file: config\config.yaml loaded successfully]
[2026-02-23 23:55:00,418: INFO: common: created directory at: artifacts]
[2026-02-23 23:55:00,420: INFO: common: created directory at: artifacts/data_ingestion/raw_data.csv]
[2026-02-23 23:55:00,423: INFO: common: created directory at: artifacts/data_ingestion/ingested_data.csv]
[2026-02-23 23:55:06,135: ERROR: 3780384239: Error: [Errno 13] Permission denied: 'artifacts/data_ingestion/raw_data.csv']
[2026-02-24 00:43:27,640: INFO: common: yaml file: config\config.yaml loaded successfully]
[2026-02-24 00:43:27,650: INFO: common: created directory at: artifacts]
[2026-02-24 00:43:27,654: INFO: common: created directory at: artifacts/data_ingestion/raw_data]
[2026-02-24 00:43:27,657: INFO: common: created directory at: artifacts/data_ingestion/ingested_data]
[2026-02-24 00:43:32,053: INFO: 422470502: Request 200 success]
[2026-02-24 00:43:32,053: INFO: 422470502: Data saved to: artifacts/data_ingestion/raw_data]
[2026-02-24 00:51:59,612: INFO: common: yaml file: config\config.yaml loaded successfully]
[2026-02-24 00:51:59,617: INFO: common: created directory at: artifacts]
[2026-02-24 00:51:59,620: INFO: common: created directory at: artifacts/data_ingestion/raw_data]
[2026-02-24 00:51:59,624: INFO: common: created directory at: artifacts/data_ingestion/ingested_data]
[2026-02-24 00:52:01,398: INFO: 422470502: Request 200 success]
[2026-02-24 00:52:01,400: INFO: 422470502: Data saved to: artifacts/data_ingestion/raw_data]
[2026-02-24 00:53:34,116: INFO: common: yaml file: config\config.yaml loaded successfully]
[2026-02-24 00:53:34,123: INFO: common: created directory at: artifacts]
[2026-02-24 00:53:34,128: INFO: common: created directory at: artifacts/data_ingestion/raw_data]
[2026-02-24 00:53:34,134: INFO: common: created directory at: artifacts/data_ingestion/ingested_data]
[2026-02-24 00:53:37,504: INFO: 422470502: Request 200 success]
[2026-02-24 00:53:37,506: INFO: 422470502: Data saved to: artifacts/data_ingestion/raw_data]
